This is pdfTeX, Version 3.14159265-2.6-1.40.18 (MiKTeX 2.9.6500 64-bit) (preloaded format=pdflatex 2018.4.24)  11 MAY 2019 19:05
entering extended mode
**"./Take home final.tex"
("Take home final.tex"
LaTeX2e <2017-04-15>
Babel <3.15> and hyphenation patterns for 75 language(s) loaded.
(D:\Programs\MiKTeX2.9.6520\tex\latex\base\article.cls
Document Class: article 2014/09/29 v1.4h Standard LaTeX document class
(D:\Programs\MiKTeX2.9.6520\tex\latex\base\size10.clo
File: size10.clo 2014/09/29 v1.4h Standard LaTeX file (size option)
)
\c@part=\count79
\c@section=\count80
\c@subsection=\count81
\c@subsubsection=\count82
\c@paragraph=\count83
\c@subparagraph=\count84
\c@figure=\count85
\c@table=\count86
\abovecaptionskip=\skip41
\belowcaptionskip=\skip42
\bibindent=\dimen102
)
(D:\Programs\MiKTeX2.9.6520\tex\latex\amsmath\amsmath.sty
Package: amsmath 2017/09/02 v2.17a AMS math features
\@mathmargin=\skip43

For additional information on amsmath, use the `?' option.
(D:\Programs\MiKTeX2.9.6520\tex\latex\amsmath\amstext.sty
Package: amstext 2000/06/29 v2.01 AMS text

(D:\Programs\MiKTeX2.9.6520\tex\latex\amsmath\amsgen.sty
File: amsgen.sty 1999/11/30 v2.0 generic functions
\@emptytoks=\toks14
\ex@=\dimen103
))
(D:\Programs\MiKTeX2.9.6520\tex\latex\amsmath\amsbsy.sty
Package: amsbsy 1999/11/29 v1.2d Bold Symbols
\pmbraise@=\dimen104
)
(D:\Programs\MiKTeX2.9.6520\tex\latex\amsmath\amsopn.sty
Package: amsopn 2016/03/08 v2.02 operator names
)
\inf@bad=\count87
LaTeX Info: Redefining \frac on input line 213.
\uproot@=\count88
\leftroot@=\count89
LaTeX Info: Redefining \overline on input line 375.
\classnum@=\count90
\DOTSCASE@=\count91
LaTeX Info: Redefining \ldots on input line 472.
LaTeX Info: Redefining \dots on input line 475.
LaTeX Info: Redefining \cdots on input line 596.
\Mathstrutbox@=\box26
\strutbox@=\box27
\big@size=\dimen105
LaTeX Font Info:    Redeclaring font encoding OML on input line 712.
LaTeX Font Info:    Redeclaring font encoding OMS on input line 713.
\macc@depth=\count92
\c@MaxMatrixCols=\count93
\dotsspace@=\muskip10
\c@parentequation=\count94
\dspbrk@lvl=\count95
\tag@help=\toks15
\row@=\count96
\column@=\count97
\maxfields@=\count98
\andhelp@=\toks16
\eqnshift@=\dimen106
\alignsep@=\dimen107
\tagshift@=\dimen108
\tagwidth@=\dimen109
\totwidth@=\dimen110
\lineht@=\dimen111
\@envbody=\toks17
\multlinegap=\skip44
\multlinetaggap=\skip45
\mathdisplay@stack=\toks18
LaTeX Info: Redefining \[ on input line 2817.
LaTeX Info: Redefining \] on input line 2818.
)
(D:\Programs\MiKTeX2.9.6520\tex\latex\geometry\geometry.sty
Package: geometry 2010/09/12 v5.6 Page Geometry

(D:\Programs\MiKTeX2.9.6520\tex\latex\graphics\keyval.sty
Package: keyval 2014/10/28 v1.15 key=value parser (DPC)
\KV@toks@=\toks19
)
(D:\Programs\MiKTeX2.9.6520\tex\generic\oberdiek\ifpdf.sty
Package: ifpdf 2017/03/15 v3.2 Provides the ifpdf switch
)
(D:\Programs\MiKTeX2.9.6520\tex\generic\oberdiek\ifvtex.sty
Package: ifvtex 2016/05/16 v1.6 Detect VTeX and its facilities (HO)
Package ifvtex Info: VTeX not detected.
)
(D:\Programs\MiKTeX2.9.6520\tex\generic\ifxetex\ifxetex.sty
Package: ifxetex 2010/09/12 v0.6 Provides ifxetex conditional
)
\Gm@cnth=\count99
\Gm@cntv=\count100
\c@Gm@tempcnt=\count101
\Gm@bindingoffset=\dimen112
\Gm@wd@mp=\dimen113
\Gm@odd@mp=\dimen114
\Gm@even@mp=\dimen115
\Gm@layoutwidth=\dimen116
\Gm@layoutheight=\dimen117
\Gm@layouthoffset=\dimen118
\Gm@layoutvoffset=\dimen119
\Gm@dimlist=\toks20

(D:\Programs\MiKTeX2.9.6520\tex\latex\geometry\geometry.cfg))
(D:\Programs\MiKTeX2.9.6520\tex\latex\amsfonts\amssymb.sty
Package: amssymb 2013/01/14 v3.01 AMS font symbols

(D:\Programs\MiKTeX2.9.6520\tex\latex\amsfonts\amsfonts.sty
Package: amsfonts 2013/01/14 v3.01 Basic AMSFonts support
\symAMSa=\mathgroup4
\symAMSb=\mathgroup5
LaTeX Font Info:    Overwriting math alphabet `\mathfrak' in version `bold'
(Font)                  U/euf/m/n --> U/euf/b/n on input line 106.
))
(D:\Programs\MiKTeX2.9.6520\tex\latex\amsmath\amscd.sty
Package: amscd 2017/04/14 v2.1 AMS Commutative Diagrams
\athelp@=\toks21
\minaw@=\dimen120
\bigaw@=\dimen121
\minCDarrowwidth=\dimen122
)
(D:\Programs\MiKTeX2.9.6520\tex\latex\graphics\graphicx.sty
Package: graphicx 2017/06/01 v1.1a Enhanced LaTeX Graphics (DPC,SPQR)

(D:\Programs\MiKTeX2.9.6520\tex\latex\graphics\graphics.sty
Package: graphics 2017/06/25 v1.2c Standard LaTeX Graphics (DPC,SPQR)

(D:\Programs\MiKTeX2.9.6520\tex\latex\graphics\trig.sty
Package: trig 2016/01/03 v1.10 sin cos tan (DPC)
)
(D:\Programs\MiKTeX2.9.6520\tex\latex\graphics-cfg\graphics.cfg
File: graphics.cfg 2016/06/04 v1.11 sample graphics configuration
)
Package graphics Info: Driver file: pdftex.def on input line 99.

(D:\Programs\MiKTeX2.9.6520\tex\latex\graphics-def\pdftex.def
File: pdftex.def 2017/06/24 v1.0g Graphics/color driver for pdftex
))
\Gin@req@height=\dimen123
\Gin@req@width=\dimen124
)
(D:\Programs\MiKTeX2.9.6520\tex\latex\hyperref\hyperref.sty
Package: hyperref 2017/03/14 v6.85a Hypertext links for LaTeX

(D:\Programs\MiKTeX2.9.6520\tex\generic\oberdiek\hobsub-hyperref.sty
Package: hobsub-hyperref 2016/05/16 v1.14 Bundle oberdiek, subset hyperref (HO)


(D:\Programs\MiKTeX2.9.6520\tex\generic\oberdiek\hobsub-generic.sty
Package: hobsub-generic 2016/05/16 v1.14 Bundle oberdiek, subset generic (HO)
Package: hobsub 2016/05/16 v1.14 Construct package bundles (HO)
Package: infwarerr 2016/05/16 v1.4 Providing info/warning/error messages (HO)
Package: ltxcmds 2016/05/16 v1.23 LaTeX kernel commands for general use (HO)
Package: ifluatex 2016/05/16 v1.4 Provides the ifluatex switch (HO)
Package ifluatex Info: LuaTeX not detected.
Package hobsub Info: Skipping package `ifvtex' (already loaded).
Package: intcalc 2016/05/16 v1.2 Expandable calculations with integers (HO)
Package hobsub Info: Skipping package `ifpdf' (already loaded).
Package: etexcmds 2016/05/16 v1.6 Avoid name clashes with e-TeX commands (HO)
Package etexcmds Info: Could not find \expanded.
(etexcmds)             That can mean that you are not using pdfTeX 1.50 or
(etexcmds)             that some package has redefined \expanded.
(etexcmds)             In the latter case, load this package earlier.
Package: kvsetkeys 2016/05/16 v1.17 Key value parser (HO)
Package: kvdefinekeys 2016/05/16 v1.4 Define keys (HO)
Package: pdftexcmds 2017/03/19 v0.25 Utility functions of pdfTeX for LuaTeX (HO
)
Package pdftexcmds Info: LuaTeX not detected.
Package pdftexcmds Info: \pdf@primitive is available.
Package pdftexcmds Info: \pdf@ifprimitive is available.
Package pdftexcmds Info: \pdfdraftmode found.
Package: pdfescape 2016/05/16 v1.14 Implements pdfTeX's escape features (HO)
Package: bigintcalc 2016/05/16 v1.4 Expandable calculations on big integers (HO
)
Package: bitset 2016/05/16 v1.2 Handle bit-vector datatype (HO)
Package: uniquecounter 2016/05/16 v1.3 Provide unlimited unique counter (HO)
)
Package hobsub Info: Skipping package `hobsub' (already loaded).
Package: letltxmacro 2016/05/16 v1.5 Let assignment for LaTeX macros (HO)
Package: hopatch 2016/05/16 v1.3 Wrapper for package hooks (HO)
Package: xcolor-patch 2016/05/16 xcolor patch
Package: atveryend 2016/05/16 v1.9 Hooks at the very end of document (HO)
Package atveryend Info: \enddocument detected (standard20110627).
Package: atbegshi 2016/06/09 v1.18 At begin shipout hook (HO)
Package: refcount 2016/05/16 v3.5 Data extraction from label references (HO)
Package: hycolor 2016/05/16 v1.8 Color options for hyperref/bookmark (HO)
)
(D:\Programs\MiKTeX2.9.6520\tex\latex\oberdiek\auxhook.sty
Package: auxhook 2016/05/16 v1.4 Hooks for auxiliary files (HO)
)
(D:\Programs\MiKTeX2.9.6520\tex\latex\oberdiek\kvoptions.sty
Package: kvoptions 2016/05/16 v3.12 Key value format for package options (HO)
)
\@linkdim=\dimen125
\Hy@linkcounter=\count102
\Hy@pagecounter=\count103

(D:\Programs\MiKTeX2.9.6520\tex\latex\hyperref\pd1enc.def
File: pd1enc.def 2017/03/14 v6.85a Hyperref: PDFDocEncoding definition (HO)
)
\Hy@SavedSpaceFactor=\count104

(D:\Programs\MiKTeX2.9.6520\tex\latex\00miktex\hyperref.cfg
File: hyperref.cfg 2002/06/06 v1.2 hyperref configuration of TeXLive
)
Package hyperref Info: Hyper figures OFF on input line 4498.
Package hyperref Info: Link nesting OFF on input line 4503.
Package hyperref Info: Hyper index ON on input line 4506.
Package hyperref Info: Plain pages OFF on input line 4513.
Package hyperref Info: Backreferencing OFF on input line 4518.
Package hyperref Info: Implicit mode ON; LaTeX internals redefined.
Package hyperref Info: Bookmarks ON on input line 4751.
\c@Hy@tempcnt=\count105

(D:\Programs\MiKTeX2.9.6520\tex\latex\url\url.sty
\Urlmuskip=\muskip11
Package: url 2013/09/16  ver 3.4  Verb mode for urls, etc.
)
LaTeX Info: Redefining \url on input line 5104.
\XeTeXLinkMargin=\dimen126
\Fld@menulength=\count106
\Field@Width=\dimen127
\Fld@charsize=\dimen128
Package hyperref Info: Hyper figures OFF on input line 6358.
Package hyperref Info: Link nesting OFF on input line 6363.
Package hyperref Info: Hyper index ON on input line 6366.
Package hyperref Info: backreferencing OFF on input line 6373.
Package hyperref Info: Link coloring OFF on input line 6378.
Package hyperref Info: Link coloring with OCG OFF on input line 6383.
Package hyperref Info: PDF/A mode OFF on input line 6388.
LaTeX Info: Redefining \ref on input line 6428.
LaTeX Info: Redefining \pageref on input line 6432.
\Hy@abspage=\count107
\c@Item=\count108
\c@Hfootnote=\count109
)

Package hyperref Message: Driver (autodetected): hpdftex.

(D:\Programs\MiKTeX2.9.6520\tex\latex\hyperref\hpdftex.def
File: hpdftex.def 2017/03/14 v6.85a Hyperref driver for pdfTeX
\Fld@listcount=\count110
\c@bookmark@seq@number=\count111

(D:\Programs\MiKTeX2.9.6520\tex\latex\oberdiek\rerunfilecheck.sty
Package: rerunfilecheck 2016/05/16 v1.8 Rerun checks for auxiliary files (HO)
Package uniquecounter Info: New unique counter `rerunfilecheck' on input line 2
82.
)
\Hy@SectionHShift=\skip46
)
(D:\Programs\MiKTeX2.9.6520\tex\latex\float\float.sty
Package: float 2001/11/08 v1.3d Float enhancements (AL)
\c@float@type=\count112
\float@exts=\toks22
\float@box=\box28
\@float@everytoks=\toks23
\@floatcapt=\box29
)
(D:\Programs\MiKTeX2.9.6520\tex\latex\jknappen\mathrsfs.sty
Package: mathrsfs 1996/01/01 Math RSFS package v1.0 (jk)
\symrsfs=\mathgroup6
)
(D:\Programs\MiKTeX2.9.6520\tex\latex\graphics\color.sty
Package: color 2016/07/10 v1.1e Standard LaTeX Color (DPC)

(D:\Programs\MiKTeX2.9.6520\tex\latex\graphics-cfg\color.cfg
File: color.cfg 2016/01/02 v1.6 sample color configuration
)
Package color Info: Driver file: pdftex.def on input line 147.
)
(D:\Programs\MiKTeX2.9.6520\tex\latex\amscls\amsthm.sty
Package: amsthm 2015/03/04 v2.20.2
\thm@style=\toks24
\thm@bodyfont=\toks25
\thm@headfont=\toks26
\thm@notefont=\toks27
\thm@headpunct=\toks28
\thm@preskip=\skip47
\thm@postskip=\skip48
\thm@headsep=\skip49
\dth@everypar=\toks29
) ("Take home final.aux")
\openout1 = `"Take home final.aux"'.

LaTeX Font Info:    Checking defaults for OML/cmm/m/it on input line 18.
LaTeX Font Info:    ... okay on input line 18.
LaTeX Font Info:    Checking defaults for T1/cmr/m/n on input line 18.
LaTeX Font Info:    ... okay on input line 18.
LaTeX Font Info:    Checking defaults for OT1/cmr/m/n on input line 18.
LaTeX Font Info:    ... okay on input line 18.
LaTeX Font Info:    Checking defaults for OMS/cmsy/m/n on input line 18.
LaTeX Font Info:    ... okay on input line 18.
LaTeX Font Info:    Checking defaults for OMX/cmex/m/n on input line 18.
LaTeX Font Info:    ... okay on input line 18.
LaTeX Font Info:    Checking defaults for U/cmr/m/n on input line 18.
LaTeX Font Info:    ... okay on input line 18.
LaTeX Font Info:    Checking defaults for PD1/pdf/m/n on input line 18.
LaTeX Font Info:    ... okay on input line 18.

*geometry* driver: auto-detecting
*geometry* detected driver: pdftex
*geometry* verbose mode - [ preamble ] result:
* driver: pdftex
* paper: <default>
* layout: <same size as paper>
* layoutoffset:(h,v)=(0.0pt,0.0pt)
* modes: 
* h-part:(L,W,R)=(72.26999pt, 469.75502pt, 72.26999pt)
* v-part:(T,H,B)=(72.26999pt, 650.43001pt, 72.26999pt)
* \paperwidth=614.295pt
* \paperheight=794.96999pt
* \textwidth=469.75502pt
* \textheight=650.43001pt
* \oddsidemargin=0.0pt
* \evensidemargin=0.0pt
* \topmargin=-37.0pt
* \headheight=12.0pt
* \headsep=25.0pt
* \topskip=10.0pt
* \footskip=30.0pt
* \marginparwidth=65.0pt
* \marginparsep=11.0pt
* \columnsep=10.0pt
* \skip\footins=9.0pt plus 4.0pt minus 2.0pt
* \hoffset=0.0pt
* \voffset=0.0pt
* \mag=1000
* \@twocolumnfalse
* \@twosidefalse
* \@mparswitchfalse
* \@reversemarginfalse
* (1in=72.27pt=25.4mm, 1cm=28.453pt)

(D:\Programs\MiKTeX2.9.6520\tex\context\base\supp-pdf.mkii
[Loading MPS to PDF converter (version 2006.09.02).]
\scratchcounter=\count113
\scratchdimen=\dimen129
\scratchbox=\box30
\nofMPsegments=\count114
\nofMParguments=\count115
\everyMPshowfont=\toks30
\MPscratchCnt=\count116
\MPscratchDim=\dimen130
\MPnumerator=\count117
\makeMPintoPDFobject=\count118
\everyMPtoPDFconversion=\toks31
) (D:\Programs\MiKTeX2.9.6520\tex\latex\oberdiek\epstopdf-base.sty
Package: epstopdf-base 2016/05/15 v2.6 Base part for package epstopdf

(D:\Programs\MiKTeX2.9.6520\tex\latex\oberdiek\grfext.sty
Package: grfext 2016/05/16 v1.2 Manage graphics extensions (HO)
)
Package epstopdf-base Info: Redefining graphics rule for `.eps' on input line 4
38.
Package grfext Info: Graphics extension search list:
(grfext)             [.pdf,.png,.jpg,.mps,.jpeg,.jbig2,.jb2,.PDF,.PNG,.JPG,.JPE
G,.JBIG2,.JB2,.eps]
(grfext)             \AppendGraphicsExtensions on input line 456.
)
\AtBeginShipoutBox=\box31
Package hyperref Info: Link coloring OFF on input line 18.

(D:\Programs\MiKTeX2.9.6520\tex\latex\hyperref\nameref.sty
Package: nameref 2016/05/21 v2.44 Cross-referencing by name of section

(D:\Programs\MiKTeX2.9.6520\tex\generic\oberdiek\gettitlestring.sty
Package: gettitlestring 2016/05/16 v1.5 Cleanup title references (HO)
)
\c@section@level=\count119
)
LaTeX Info: Redefining \ref on input line 18.
LaTeX Info: Redefining \pageref on input line 18.
LaTeX Info: Redefining \nameref on input line 18.

("Take home final.out") ("Take home final.out")
\@outlinefile=\write3
\openout3 = `"Take home final.out"'.

LaTeX Font Info:    Try loading font information for U+msa on input line 20.

(D:\Programs\MiKTeX2.9.6520\tex\latex\amsfonts\umsa.fd
File: umsa.fd 2013/01/14 v3.01 AMS symbols A
)
LaTeX Font Info:    Try loading font information for U+msb on input line 20.

(D:\Programs\MiKTeX2.9.6520\tex\latex\amsfonts\umsb.fd
File: umsb.fd 2013/01/14 v3.01 AMS symbols B
)
LaTeX Font Info:    Try loading font information for U+rsfs on input line 20.

(D:\Programs\MiKTeX2.9.6520\tex\latex\jknappen\ursfs.fd
File: ursfs.fd 1998/03/24 rsfs font definition file (jk)
)

LaTeX Warning: No \author given.

LaTeX Font Info:    Try loading font information for OMS+cmr on input line 32.
(D:\Programs\MiKTeX2.9.6520\tex\latex\base\omscmr.fd
File: omscmr.fd 2014/09/29 v2.5h Standard LaTeX font definitions
)
LaTeX Font Info:    Font shape `OMS/cmr/m/n' in size <12> not available
(Font)              Font shape `OMS/cmsy/m/n' tried instead on input line 32.
 [1

{C:/Users/Austin Klum/AppData/Local/MiKTeX/2.9/pdftex/config/pdftex.map}]
Underfull \hbox (badness 10000) in paragraph at lines 58--59

 []


Underfull \hbox (badness 10000) in paragraph at lines 60--61

 []


Underfull \hbox (badness 10000) in paragraph at lines 62--64

 []

[2]
<bisection_errorplot.jpg, id=137, 1124.2pt x 843.15pt>
File: bisection_errorplot.jpg Graphic file (type jpg)
<use bisection_errorplot.jpg>
Package pdftex.def Info: bisection_errorplot.jpg  used on input line 155. on in
put line 155.
Package pdftex.def Info: Requested size: 375.80739pt x 281.85553pt on input lin
e 155.

Overfull \hbox (44.07953pt too wide) in paragraph at lines 140--156
[] 
 []

[3]
Underfull \hbox (badness 10000) in paragraph at lines 159--160

 []


Underfull \hbox (badness 10000) in paragraph at lines 161--163

 []


Underfull \hbox (badness 10000) in paragraph at lines 164--166

 []

[4pdfTeX warning (ext4): destination with the same identifier (name{figure.1}) 
has been already used, duplicate ignored

\AtBegShi@Output ...ipout \box \AtBeginShipoutBox 
                                                  \fi \fi 
l.176 	\end{verbatim}
                      <./bisection_errorplot.jpg>]
<newtons_roots.jpg, id=151, 365.74904pt x 278.3966pt>
File: newtons_roots.jpg Graphic file (type jpg)
<use newtons_roots.jpg>
Package pdftex.def Info: newtons_roots.jpg  used on input line 224. on input li
ne 224.
Package pdftex.def Info: Requested size: 375.83276pt x 281.875pt on input line 
224.
 [5]
Underfull \hbox (badness 10000) in paragraph at lines 228--229

 []


Underfull \hbox (badness 10000) in paragraph at lines 230--232

 []

[6pdfTeX warning (ext4): destination with the same identifier (name{figure.2}) 
has been already used, duplicate ignored

\AtBegShi@Output ...ipout \box \AtBeginShipoutBox 
                                                  \fi \fi 
l.251 		\item{
              \bf When does it converge:} When the function is continuous an...
 <./newtons_roots.jpg>]
<secant_method.png, id=162, 199.74625pt x 202.42291pt>
File: secant_method.png Graphic file (type png)
<use secant_method.png>
Package pdftex.def Info: secant_method.png  used on input line 296. on input li
ne 296.
Package pdftex.def Info: Requested size: 375.85521pt x 281.87666pt on input lin
e 296.
 [7] [8pdfTeX warning (ext4): destination with the same identifier (name{figure
.3}) has been already used, duplicate ignored

\AtBegShi@Output ...ipout \box \AtBeginShipoutBox 
                                                  \fi \fi 
l.321 	\end{verbatim}
                      <./secant_method.png>]
Missing character: There is no â in font cmr12!
Missing character: There is no ˆ in font cmr12!
Missing character: There is no ’ in font cmr12!
Missing character: There is no â in font cmr12!
Missing character: There is no ˆ in font cmr12!
Missing character: There is no ’ in font cmr12!
<linear_interpolation.png, id=178, 438.64748pt x 324.90079pt>
File: linear_interpolation.png Graphic file (type png)
<use linear_interpolation.png>
Package pdftex.def Info: linear_interpolation.png  used on input line 362. on i
nput line 362.
Package pdftex.def Info: Requested size: 375.8172pt x 281.87314pt on input line
 362.
 [9] [10pdfTeX warning (ext4): destination with the same identifier (name{figur
e.4}) has been already used, duplicate ignored

\AtBegShi@Output ...ipout \box \AtBeginShipoutBox 
                                                  \fi \fi 
l.411 	\end{verbatim}
                      <./linear_interpolation.png>]
Missing character: There is no â in font cmr12!
Missing character: There is no ˆ in font cmr12!
Missing character: There is no ’ in font cmr12!
Missing character: There is no â in font cmr12!
Missing character: There is no ˆ in font cmr12!
Missing character: There is no ’ in font cmr12!
Missing character: There is no â in font cmr12!
Missing character: There is no ˆ in font cmr12!
Missing character: There is no ’ in font cmr12!
Missing character: There is no â in font cmr12!
Missing character: There is no ˆ in font cmr12!
Missing character: There is no ’ in font cmr12!
Missing character: There is no â in font cmr12!
Missing character: There is no ˆ in font cmr12!
Missing character: There is no ’ in font cmr12!
Missing character: There is no â in font cmr12!
Missing character: There is no ˆ in font cmr12!
Missing character: There is no ’ in font cmr12!
Missing character: There is no â in font cmr12!
Missing character: There is no ˆ in font cmr12!
Missing character: There is no ’ in font cmr12!
<vandermonder.png, id=190, 300.39183pt x 248.86017pt>
File: vandermonder.png Graphic file (type png)
<use vandermonder.png>
Package pdftex.def Info: vandermonder.png  used on input line 447. on input lin
e 447.
Package pdftex.def Info: Requested size: 375.82347pt x 281.87323pt on input lin
e 447.
 [11] [12pdfTeX warning (ext4): destination with the same identifier (name{figu
re.5}) has been already used, duplicate ignored

\AtBegShi@Output ...ipout \box \AtBeginShipoutBox 
                                                  \fi \fi 
l.493 	\end{verbatim}
                      <./vandermonder.png>]
<newton_poly_ex.png, id=202, 337.46948pt x 193.5579pt>
File: newton_poly_ex.png Graphic file (type png)
<use newton_poly_ex.png>
Package pdftex.def Info: newton_poly_ex.png  used on input line 512. on input l
ine 512.
Package pdftex.def Info: Requested size: 375.83653pt x 281.8922pt on input line
 512.

Overfull \hbox (44.81064pt too wide) in paragraph at lines 511--515
\OT1/cmr/bx/n/12 Numerical ex-per-i-ment: []
 []


Overfull \hbox (110.94852pt too wide) in paragraph at lines 511--515
\OMS/cmsy/m/n/12  \OT1/cmr/m/n/12 14\OML/cmm/m/it/12 :\OT1/cmr/m/n/12 1014 + 17
\OML/cmm/m/it/12 :\OT1/cmr/m/n/12 5597 [] \OMS/cmsy/m/n/12   \OT1/cmr/m/n/12 10
\OML/cmm/m/it/12 :\OT1/cmr/m/n/12 8784 [] [] + 4\OML/cmm/m/it/12 :\OT1/cmr/m/n/
12 83484 [] [] (\OML/cmm/m/it/12 x\OT1/cmr/m/n/12 ) + 0 [] [] (\OML/cmm/m/it/12
 x\OT1/cmr/m/n/12 ) [] =$
 []

[13]
<NewtonInterpolationEx.png, id=209, 479.7925pt x 315.1775pt>
File: NewtonInterpolationEx.png Graphic file (type png)
<use NewtonInterpolationEx.png>
Package pdftex.def Info: NewtonInterpolationEx.png  used on input line 519. on 
input line 519.
Package pdftex.def Info: Requested size: 375.81065pt x 281.87291pt on input lin
e 519.
 [14pdfTeX warning (ext4): destination with the same identifier (name{figure.6}
) has been already used, duplicate ignored

\AtBegShi@Output ...ipout \box \AtBeginShipoutBox 
                                                  \fi \fi 
l.523 
       <./newton_poly_ex.png> <./NewtonInterpolationEx.png>]

Package amsmath Warning: Foreign command \atop;
(amsmath)                \frac or \genfrac should be used instead
(amsmath)                 on input line 529.


Overfull \hbox (67.47025pt too wide) in paragraph at lines 563--563
[]\OT1/cmtt/m/n/12 %LAGRANGE   approx a point-defined function using the Lagran
ge polynomial interpolation[] 
 []


Overfull \hbox (5.72021pt too wide) in paragraph at lines 563--563
[]\OT1/cmtt/m/n/12 %      LAGRANGE(X,POINTX,POINTY) approx the function definit
ed by the points:[] 
 []


Overfull \hbox (67.47025pt too wide) in paragraph at lines 563--563
[]\OT1/cmtt/m/n/12 %      P1=(POINTX(1),POINTY(1)), P2=(POINTX(2),POINTY(2)), .
.., PN(POINTX(N),POINTY(N))[] 
 []


Overfull \hbox (147.74529pt too wide) in paragraph at lines 563--563
[]\OT1/cmtt/m/n/12 %      If POINTX and POINTY have different number of element
s the function will return the NaN value[] 
 []


Overfull \hbox (30.42023pt too wide) in paragraph at lines 563--563
[]\OT1/cmtt/m/n/12 fprintf(1,'\nERROR!\nPOINTX and POINTY must have the same nu
mber of elements\n');[] 
 []

[15]
<lagrange_poly.png, id=222, 441.65pt x 301.125pt>
File: lagrange_poly.png Graphic file (type png)
<use lagrange_poly.png>
Package pdftex.def Info: lagrange_poly.png  used on input line 588. on input li
ne 588.
Package pdftex.def Info: Requested size: 375.82208pt x 281.88126pt on input lin
e 588.
 [16pdfTeX warning (ext4): destination with the same identifier (name{figure.7}
) has been already used, duplicate ignored

\AtBegShi@Output ...ipout \box \AtBeginShipoutBox 
                                                  \fi \fi 
l.592 
       <./lagrange_poly.png>]
<LinearSplinePlot.png, id=230, 578.16pt x 433.62pt>
File: LinearSplinePlot.png Graphic file (type png)
<use LinearSplinePlot.png>
Package pdftex.def Info: LinearSplinePlot.png  used on input line 634. on input
 line 634.
Package pdftex.def Info: Requested size: 375.79955pt x 281.8695pt on input line
 634.
 [17]
Underfull \hbox (badness 10000) in paragraph at lines 641--649

 []


Overfull \hbox (18.07022pt too wide) in paragraph at lines 701--701
[]\OT1/cmtt/m/n/12 maxRows = 20                %Don't allow the iteration to co
ntinue indefinitely[] 
 []


Overfull \hbox (172.4453pt too wide) in paragraph at lines 701--701
[]\OT1/cmtt/m/n/12 haveWeFoundSolution = false %Were we able to find the soluti
on to within the desired tolerance? not yet.[] 
 []

[18pdfTeX warning (ext4): destination with the same identifier (name{figure.8})
 has been already used, duplicate ignored

\AtBegShi@Output ...ipout \box \AtBeginShipoutBox 
                                                  \fi \fi 
l.701 \end{verbatim}
                     <./LinearSplinePlot.png (PNG copy)>]
Overfull \hbox (36.59523pt too wide) in paragraph at lines 701--701
[]\OT1/cmtt/m/n/12 %Create a 2D matrix of size maxRows by maxRows to hold the R
ichardson extrapolates[] 
 []


Overfull \hbox (73.64525pt too wide) in paragraph at lines 701--701
[]\OT1/cmtt/m/n/12 %Note that this will be a lower triangular matrix and that a
t most two rows are actually[] 
 []


Overfull \hbox (135.39528pt too wide) in paragraph at lines 701--701
[]\OT1/cmtt/m/n/12 %This loops starts by filling the second row of the matrix, 
since the first row was computed above[] 
 []


Overfull \hbox (5.72021pt too wide) in paragraph at lines 701--701
[]\OT1/cmtt/m/n/12 for i = 1 : maxRows - 1 %Starting at i = 1, iterate at most 
maxRows - 1 times[] 
 []


Overfull \hbox (61.29524pt too wide) in paragraph at lines 701--701
[]\OT1/cmtt/m/n/12 h = h/2             %Half the previous value of h since this
 is the start of a new row[] 
 []


Overfull \hbox (73.64525pt too wide) in paragraph at lines 701--701
[]\OT1/cmtt/m/n/12 %After leaving the above inner loop, the diagonal element of
 row i + 1 has been computed[] 
 []


Overfull \hbox (48.94524pt too wide) in paragraph at lines 701--701
[]\OT1/cmtt/m/n/12 %The difference between this extrapolate and the last extrap
olate of row i is a good[] 
 []


Overfull \hbox (104.52026pt too wide) in paragraph at lines 701--701
[]\OT1/cmtt/m/n/12 if(absoluteValue(A(i + 1, i + 1) - A(i, i)) < tolerance)   %
If the result is within tolerance[] 
 []


Overfull \hbox (184.7953pt too wide) in paragraph at lines 701--701
[]\OT1/cmtt/m/n/12 print("y(5) = ", A(i + 1, i + 1))                      %Disp
lay the result of the Richardson extrapolation[] 
 []


Overfull \hbox (18.07022pt too wide) in paragraph at lines 701--701
[]\OT1/cmtt/m/n/12 break                                                  %Done
, so leave the loop[] 
 []


Overfull \hbox (178.6203pt too wide) in paragraph at lines 701--701
[]\OT1/cmtt/m/n/12 if(haveWeFoundSolution == false)   %If we weren't able to fi
nd a solution to within the desired tolerance[] 
 []


Overfull \hbox (92.17026pt too wide) in paragraph at lines 701--701
[]\OT1/cmtt/m/n/12 print("Warning: Not able to find solution to within the desi
red tolerance of ", tolerance);[] 
 []

[19]
<rich-extrap.png, id=247, 853.1875pt x 717.68124pt>
File: rich-extrap.png Graphic file (type png)
<use rich-extrap.png>
Package pdftex.def Info: rich-extrap.png  used on input line 736. on input line
 736.
Package pdftex.def Info: Requested size: 375.80724pt x 281.85477pt on input lin
e 736.
 [20 <./rich-extrap.png>]
Underfull \hbox (badness 10000) in paragraph at lines 786--797

 []

[21]
<left_rei.png, id=258, 248.23174pt x 226.23653pt>
File: left_rei.png Graphic file (type png)
<use left_rei.png>
Package pdftex.def Info: left_rei.png  used on input line 800. on input line 80
0.
Package pdftex.def Info: Requested size: 375.82379pt x 281.87671pt on input lin
e 800.
<mid_rei.png, id=259, 248.23174pt x 216.18156pt>
File: mid_rei.png Graphic file (type png)
<use mid_rei.png>
Package pdftex.def Info: mid_rei.png  used on input line 801. on input line 801
.
Package pdftex.def Info: Requested size: 375.82379pt x 281.88704pt on input lin
e 801.

Underfull \hbox (badness 10000) in paragraph at lines 800--802
[][]
 []

[22] [23 <./left_rei.png> <./mid_rei.png>]
<trap_rei.png, id=270, 248.23174pt x 227.4934pt>
File: trap_rei.png Graphic file (type png)
<use trap_rei.png>
Package pdftex.def Info: trap_rei.png  used on input line 853. on input line 85
3.
Package pdftex.def Info: Requested size: 375.82379pt x 281.88408pt on input lin
e 853.

Underfull \hbox (badness 10000) in paragraph at lines 841--854

 []


Underfull \hbox (badness 10000) in paragraph at lines 841--854

 []

[24] [25 <./trap_rei.png>]
<simp.png, id=283, 248.23174pt x 227.4934pt>
File: simp.png Graphic file (type png)
<use simp.png>
Package pdftex.def Info: simp.png  used on input line 900. on input line 900.
Package pdftex.def Info: Requested size: 375.82379pt x 281.88408pt on input lin
e 900.

Underfull \hbox (badness 10000) in paragraph at lines 888--901

 []

[26 <./simp.png>]
Overfull \hbox (36.59523pt too wide) in paragraph at lines 939--939
[]\OT1/cmtt/m/n/12 """Integrate f from a to b using Adaptive Simpson's Rule wit
h max error of eps."""[] 
 []


Overfull \hbox (8.87334pt too wide) in paragraph at lines 958--965
\OML/cmm/m/it/12 S\OT1/cmr/m/n/12 (1\OML/cmm/m/it/12 ; \OT1/cmr/m/n/12 1\OML/cm
m/m/it/12 :\OT1/cmr/m/n/12 5) + \OML/cmm/m/it/12 S\OT1/cmr/m/n/12 (1\OML/cmm/m/
it/12 :\OT1/cmr/m/n/12 5\OML/cmm/m/it/12 ; \OT1/cmr/m/n/12 2) + \OML/cmm/m/it/1
2 S\OT1/cmr/m/n/12 (2\OML/cmm/m/it/12 ; \OT1/cmr/m/n/12 2\OML/cmm/m/it/12 :\OT1
/cmr/m/n/12 25) + \OML/cmm/m/it/12 S\OT1/cmr/m/n/12 (2\OML/cmm/m/it/12 :\OT1/cm
r/m/n/12 25\OML/cmm/m/it/12 ; \OT1/cmr/m/n/12 2\OML/cmm/m/it/12 :\OT1/cmr/m/n/1
2 5) + \OML/cmm/m/it/12 S\OT1/cmr/m/n/12 (2\OML/cmm/m/it/12 :\OT1/cmr/m/n/12 5\
OML/cmm/m/it/12 ; \OT1/cmr/m/n/12 2\OML/cmm/m/it/12 :\OT1/cmr/m/n/12 75) + \OML
/cmm/m/it/12 S\OT1/cmr/m/n/12 (2\OML/cmm/m/it/12 :\OT1/cmr/m/n/12 75\OML/cmm/m/
it/12 ; \OT1/cmr/m/n/12 3)$ Thus, 108.5722885413671 
 []

[27] [28]
<g_quad.png, id=298, 441.65pt x 331.2375pt>
File: g_quad.png Graphic file (type png)
<use g_quad.png>
Package pdftex.def Info: g_quad.png  used on input line 1044. on input line 104
4.
Package pdftex.def Info: Requested size: 375.82208pt x 281.86656pt on input lin
e 1044.
 [29] [30 <./g_quad.png>]
File: g_quad.png Graphic file (type png)
<use g_quad.png>
Package pdftex.def Info: g_quad.png  used on input line 1124. on input line 112
4.
Package pdftex.def Info: Requested size: 375.82208pt x 281.86656pt on input lin
e 1124.
 [31] [32]
Underfull \hbox (badness 10000) in paragraph at lines 1203--1210

 []

[33] [34]
Underfull \hbox (badness 10000) in paragraph at lines 1306--1313

 []

[35]
Underfull \hbox (badness 10000) in paragraph at lines 1354--1356

 []


Overfull \hbox (27.27133pt too wide) detected at line 1376
\OML/cmm/m/it/12 A \OT1/cmr/m/n/12 = [] \OMS/cmsy/m/n/12 ! [] ! [] ! [] \OT1/cm
r/m/n/12 = \OML/cmm/m/it/12 U
 []


Underfull \hbox (badness 10000) in paragraph at lines 1376--1424

 []

Missing character: There is no â in font cmr8!
Missing character: There is no ˆ in font cmr8!
Missing character: There is no ’ in font cmr8!
[36] [37]
Package atveryend Info: Empty hook `BeforeClearDocument' on input line 1493.
 [38]
Package atveryend Info: Empty hook `AfterLastShipout' on input line 1493.
 ("Take home final.aux")
Package atveryend Info: Executing hook `AtVeryEndDocument' on input line 1493.
Package atveryend Info: Executing hook `AtEndAfterFileList' on input line 1493.

Package rerunfilecheck Info: File `"Take home final".out' has not changed.
(rerunfilecheck)             Checksum: BA765715A467AD6DE5C9D8A810193775;1662.
Package atveryend Info: Empty hook `AtVeryVeryEnd' on input line 1493.
 ) 
Here is how much of TeX's memory you used:
 6770 strings out of 493312
 97078 string characters out of 3139339
 195865 words of memory out of 3000000
 10105 multiletter control sequences out of 15000+200000
 10159 words of font info for 40 fonts, out of 3000000 for 9000
 1141 hyphenation exceptions out of 8191
 28i,21n,32p,768b,447s stack positions out of 5000i,500n,10000p,200000b,50000s
<D:/Programs/MiKTeX2.9.6520/fonts/type1/public/amsfonts/cm/cmbx12.pfb><D:/Pro
grams/MiKTeX2.9.6520/fonts/type1/public/amsfonts/cm/cmex10.pfb><D:/Programs/MiK
TeX2.9.6520/fonts/type1/public/amsfonts/cm/cmmi12.pfb><D:/Programs/MiKTeX2.9.65
20/fonts/type1/public/amsfonts/cm/cmmi6.pfb><D:/Programs/MiKTeX2.9.6520/fonts/t
ype1/public/amsfonts/cm/cmmi8.pfb><D:/Programs/MiKTeX2.9.6520/fonts/type1/publi
c/amsfonts/cm/cmr10.pfb><D:/Programs/MiKTeX2.9.6520/fonts/type1/public/amsfonts
/cm/cmr12.pfb><D:/Programs/MiKTeX2.9.6520/fonts/type1/public/amsfonts/cm/cmr17.
pfb><D:/Programs/MiKTeX2.9.6520/fonts/type1/public/amsfonts/cm/cmr6.pfb><D:/Pro
grams/MiKTeX2.9.6520/fonts/type1/public/amsfonts/cm/cmr8.pfb><D:/Programs/MiKTe
X2.9.6520/fonts/type1/public/amsfonts/cm/cmsy10.pfb><D:/Programs/MiKTeX2.9.6520
/fonts/type1/public/amsfonts/cm/cmsy6.pfb><D:/Programs/MiKTeX2.9.6520/fonts/typ
e1/public/amsfonts/cm/cmsy8.pfb><D:/Programs/MiKTeX2.9.6520/fonts/type1/public/
amsfonts/cm/cmtt12.pfb><D:/Programs/MiKTeX2.9.6520/fonts/type1/public/amsfonts/
symbols/msam10.pfb>
Output written on "Take home final.pdf" (38 pages, 748526 bytes).
PDF statistics:
 423 PDF objects out of 1000 (max. 8388607)
 115 named destinations out of 1000 (max. 500000)
 252 words of extra memory for PDF output out of 10000 (max. 10000000)

