\BOOKMARK [1][-]{section.1}{Guide: read carefully before you start}{}% 1
\BOOKMARK [1][-]{section.2}{Numerical method list}{}% 2
\BOOKMARK [1][-]{section.3}{Summaries}{}% 3
\BOOKMARK [2][-]{subsection.3.1}{Bisection method:}{section.3}% 4
\BOOKMARK [2][-]{subsection.3.2}{Newton Method:}{section.3}% 5
\BOOKMARK [2][-]{subsection.3.3}{Secant Method:}{section.3}% 6
\BOOKMARK [2][-]{subsection.3.4}{Linear Interpolation:}{section.3}% 7
\BOOKMARK [2][-]{subsection.3.5}{Vandermonde Matrix:}{section.3}% 8
\BOOKMARK [2][-]{subsection.3.6}{Newton Interpolating Polynomial:}{section.3}% 9
\BOOKMARK [2][-]{subsection.3.7}{Lagrange interpolating polynomial:}{section.3}% 10
\BOOKMARK [2][-]{subsection.3.8}{Linear spline function:}{section.3}% 11
\BOOKMARK [2][-]{subsection.3.9}{Natural Cubic spline function:}{section.3}% 12
\BOOKMARK [2][-]{subsection.3.10}{Numerical approximation of the first derivative}{section.3}% 13
\BOOKMARK [2][-]{subsection.3.11}{Numerical integration using left point formula and midpoint formula}{section.3}% 14
\BOOKMARK [2][-]{subsection.3.12}{Trapezoid Rule}{section.3}% 15
\BOOKMARK [2][-]{subsection.3.13}{Simpson's Rule}{section.3}% 16
\BOOKMARK [2][-]{subsection.3.14}{Adaptive Simpson's rule}{section.3}% 17
\BOOKMARK [2][-]{subsection.3.15}{Gaussian Quadrature Formula}{section.3}% 18
\BOOKMARK [2][-]{subsection.3.16}{Naive Gaussian Elimination}{section.3}% 19
\BOOKMARK [2][-]{subsection.3.17}{Gaussian Elimination partial and full pivoting}{section.3}% 20
\BOOKMARK [2][-]{subsection.3.18}{LU factorization}{section.3}% 21
\BOOKMARK [2][-]{subsection.3.19}{ Forward and backward Euler's}{section.3}% 22
